#
# There is insufficient memory for the Java Runtime Environment to continue.
# Native memory allocation (mmap) failed to map 65536 bytes for Failed to commit metaspace.
# Possible reasons:
#   The system is out of physical RAM or swap space
#   The process is running with CompressedOops enabled, and the Java Heap may be blocking the growth of the native heap
# Possible solutions:
#   Reduce memory load on the system
#   Increase physical memory or swap space
#   Check if swap backing store is full
#   Decrease Java heap size (-Xmx/-Xms)
#   Decrease number of Java threads
#   Decrease Java thread stack sizes (-Xss)
#   Set larger code cache with -XX:ReservedCodeCacheSize=
#   JVM is running with Unscaled Compressed Oops mode in which the Java heap is
#     placed in the first 4GB address space. The Java Heap base address is the
#     maximum limit for the native heap growth. Please use -XX:HeapBaseMinAddress
#     to set the Java Heap base and to place the Java Heap above 4GB virtual address.
# This output file may be truncated or incomplete.
#
#  Out of Memory Error (virtualSpaceNode.cpp:110), pid=13412, tid=14160
#
# JRE version:  (17.0.5+8) (build )
# Java VM: OpenJDK 64-Bit Server VM (17.0.5+8, mixed mode, tiered, compressed oops, compressed class ptrs, parallel gc, windows-amd64)
# No core dump will be written. Minidumps are not enabled by default on client versions of Windows
#

---------------  S U M M A R Y ------------

Command Line: --add-modules=ALL-SYSTEM --add-opens=java.base/java.util=ALL-UNNAMED --add-opens=java.base/java.lang=ALL-UNNAMED --add-opens=java.base/sun.nio.fs=ALL-UNNAMED -Declipse.application=org.eclipse.jdt.ls.core.id1 -Dosgi.bundles.defaultStartLevel=4 -Declipse.product=org.eclipse.jdt.ls.core.product -Djava.import.generatesMetadataFilesAtProjectRoot=false -Dfile.encoding=utf8 -XX:+UseParallelGC -XX:GCTimeRatio=4 -XX:AdaptiveSizePolicyWeight=90 -Dsun.zip.disableMemoryMapping=true -Xmx1G -Xms100m -Xlog:disable -javaagent:c:\Users\Admin\.vscode\extensions\redhat.java-1.13.0-win32-x64\lombok\lombok-1.18.24.jar -XX:+HeapDumpOnOutOfMemoryError -XX:HeapDumpPath=c:\Users\Admin\AppData\Roaming\Code\User\workspaceStorage\9e86c11a8adf063483567b4266a609d4\redhat.java c:\Users\Admin\.vscode\extensions\redhat.java-1.13.0-win32-x64\server\plugins\org.eclipse.equinox.launcher_1.6.400.v20210924-0641.jar -configuration c:\Users\Admin\AppData\Roaming\Code\User\globalStorage\redhat.java\1.13.0\config_win -data c:\Users\Admin\AppData\Roaming\Code\User\workspaceStorage\9e86c11a8adf063483567b4266a609d4\redhat.java\jdt_ws

Host: Intel(R) Core(TM) i5-10400 CPU @ 2.90GHz, 2 cores, 4G,  Windows 10 , 64 bit Build 10240 (10.0.10240.17113)
Time: Thu Dec 22 14:06:20 2022 Западная Азия (зима) elapsed time: 0.012928 seconds (0d 0h 0m 0s)

---------------  T H R E A D  ---------------

Current thread (0x0000000231535bf0):  JavaThread "Unknown thread" [_thread_in_vm, id=14160, stack(0x000000022f4e0000,0x000000022f5e0000)]

Stack: [0x000000022f4e0000,0x000000022f5e0000]
Native frames: (J=compiled Java code, j=interpreted, Vv=VM code, C=native code)
V  [jvm.dll+0x676b3a]
V  [jvm.dll+0x831444]
V  [jvm.dll+0x832bee]
V  [jvm.dll+0x833253]
V  [jvm.dll+0x244ce5]
V  [jvm.dll+0x82d4db]
V  [jvm.dll+0x61b2f6]
V  [jvm.dll+0x61b35a]
V  [jvm.dll+0x61db7a]
V  [jvm.dll+0x61bc96]
V  [jvm.dll+0x23a7d0]
V  [jvm.dll+0x1ea39d]
V  [jvm.dll+0x1dfdd1]
V  [jvm.dll+0x53be30]
V  [jvm.dll+0x1f05a7]
V  [jvm.dll+0x7ab9db]
V  [jvm.dll+0x7acd82]
V  [jvm.dll+0x7ad0b8]
V  [jvm.dll+0x82fbcf]
V  [jvm.dll+0x82f920]
V  [jvm.dll+0x801894]
V  [jvm.dll+0x80304d]
V  [jvm.dll+0x368be1]
V  [jvm.dll+0x7e265c]
V  [jvm.dll+0x3eb17f]
V  [jvm.dll+0x3eccc1]
C  [jli.dll+0x5267]
C  [ucrtbase.dll+0x6829d]
C  [KERNEL32.DLL+0x12d92]
C  [ntdll.dll+0x9f64]


---------------  P R O C E S S  ---------------

Threads class SMR info:
_java_thread_list=0x00007ff9e6642f18, length=0, elements={
}

Java Threads: ( => current thread )

Other Threads:
  0x000000023154bcb0 GCTaskThread "GC Thread#0" [stack: 0x0000000231100000,0x0000000231200000] [id=14096]

=>0x0000000231535bf0 (exited) JavaThread "Unknown thread" [_thread_in_vm, id=14160, stack(0x000000022f4e0000,0x000000022f5e0000)]

Threads with active compile tasks:

VM state: not at safepoint (not fully initialized)

VM Mutex/Monitor currently owned by a thread:  ([mutex/lock_event])
[0x0000000231531a00] Metaspace_lock - owner thread: 0x0000000231535bf0

Heap address: 0x00000000c0000000, size: 1024 MB, Compressed Oops mode: 32-bit

CDS archive(s) not mapped
Compressed class space mapped at: 0x0000000100000000-0x0000000140000000, reserved size: 1073741824
Narrow klass base: 0x0000000000000000, Narrow klass shift: 3, Narrow klass range: 0x140000000

GC Precious Log:
 CPUs: 2 total, 2 available
 Memory: 4707M
 Large Page Support: Disabled
 NUMA Support: Disabled
 Compressed Oops: Enabled (32-bit)
 Alignments: Space 512K, Generation 512K, Heap 2M
 Heap Min Capacity: 100M
 Heap Initial Capacity: 100M
 Heap Max Capacity: 1G
 Pre-touch: Disabled
 Parallel Workers: 2

Heap:
 PSYoungGen      total 29696K, used 512K [0x00000000eab00000, 0x00000000ecc00000, 0x0000000100000000)
  eden space 25600K, 2% used [0x00000000eab00000,0x00000000eab80070,0x00000000ec400000)
  from space 4096K, 0% used [0x00000000ec800000,0x00000000ec800000,0x00000000ecc00000)
  to   space 4096K, 0% used [0x00000000ec400000,0x00000000ec400000,0x00000000ec800000)
 ParOldGen       total 68608K, used 0K [0x00000000c0000000, 0x00000000c4300000, 0x00000000eab00000)
  object space 68608K, 0% used [0x00000000c0000000,0x00000000c0000000,0x00000000c4300000)
 Metaspace       used 353K, committed 384K, reserved 1056768K
  class space    used 34K, committed 64K, reserved 1048576K

Card table byte_map: [0x0000000230ef0000,0x0000000231100000] _byte_map_base: 0x00000002308f0000

Marking Bits: (ParMarkBitMap*) 0x00007ff9e66b0dd0
 Begin Bits: [0x00000002431d0000, 0x00000002441d0000)
 End Bits:   [0x00000002441d0000, 0x00000002451d0000)

GC Heap History (0 events):
No events

Dll operation events (1 events):
Event: 0.004 Loaded shared library c:\Users\Admin\.vscode\extensions\redhat.java-1.13.0-win32-x64\jre\17.0.5-win32-x86_64\bin\java.dll

Deoptimization events (0 events):
No events

Classes unloaded (0 events):
No events

Classes redefined (0 events):
No events

Internal exceptions (0 events):
No events

VM Operations (0 events):
No events

Events (20 events):
Event: 0.010 loading class java/lang/ref/Finalizer done
Event: 0.010 loading class java/lang/Thread
Event: 0.010 loading class java/lang/Runnable
Event: 0.010 loading class java/lang/Runnable done
Event: 0.010 loading class java/lang/Thread done
Event: 0.010 loading class java/lang/ThreadGroup
Event: 0.010 loading class java/lang/Thread$UncaughtExceptionHandler
Event: 0.010 loading class java/lang/Thread$UncaughtExceptionHandler done
Event: 0.010 loading class java/lang/ThreadGroup done
Event: 0.010 loading class java/util/Properties
Event: 0.010 loading class java/util/Hashtable
Event: 0.011 loading class java/util/Map
Event: 0.011 loading class java/util/Map done
Event: 0.011 loading class java/util/Dictionary
Event: 0.011 loading class java/util/Dictionary done
Event: 0.011 loading class java/util/Hashtable done
Event: 0.011 loading class java/util/Properties done
Event: 0.011 loading class java/lang/Module
Event: 0.011 loading class java/lang/Module done
Event: 0.011 loading class java/lang/reflect/AccessibleObject


Dynamic libraries:
0x00007ff64d000000 - 0x00007ff64d00e000 	c:\Users\Admin\.vscode\extensions\redhat.java-1.13.0-win32-x64\jre\17.0.5-win32-x86_64\bin\java.exe
0x00007ffa22610000 - 0x00007ffa227d2000 	C:\Windows\SYSTEM32\ntdll.dll
0x00007ffa22250000 - 0x00007ffa222fd000 	C:\Windows\system32\KERNEL32.DLL
0x00007ffa1f350000 - 0x00007ffa1f52d000 	C:\Windows\system32\KERNELBASE.dll
0x00007ffa190d0000 - 0x00007ffa190e7000 	c:\Users\Admin\.vscode\extensions\redhat.java-1.13.0-win32-x64\jre\17.0.5-win32-x86_64\bin\jli.dll
0x00007ffa20640000 - 0x00007ffa2078e000 	C:\Windows\system32\USER32.dll
0x00007ffa223b0000 - 0x00007ffa22534000 	C:\Windows\system32\GDI32.dll
0x00007ffa190b0000 - 0x00007ffa190c9000 	c:\Users\Admin\.vscode\extensions\redhat.java-1.13.0-win32-x64\jre\17.0.5-win32-x86_64\bin\VCRUNTIME140.dll
0x00007ffa1a950000 - 0x00007ffa1aa42000 	C:\Windows\SYSTEM32\ucrtbase.dll
0x00007ffa15c80000 - 0x00007ffa15ef4000 	C:\Windows\WinSxS\amd64_microsoft.windows.common-controls_6595b64144ccf1df_6.0.10240.17184_none_f41d7a705752bce6\COMCTL32.dll
0x00007ffa20240000 - 0x00007ffa202dd000 	C:\Windows\system32\msvcrt.dll
0x00007ffa200c0000 - 0x00007ffa200f6000 	C:\Windows\system32\IMM32.DLL
0x00007ffa1ff60000 - 0x00007ffa200bc000 	C:\Windows\system32\MSCTF.dll
0x00007ffa191a0000 - 0x00007ffa191ac000 	c:\Users\Admin\.vscode\extensions\redhat.java-1.13.0-win32-x64\jre\17.0.5-win32-x86_64\bin\vcruntime140_1.dll
0x00007ffa07010000 - 0x00007ffa070a1000 	c:\Users\Admin\.vscode\extensions\redhat.java-1.13.0-win32-x64\jre\17.0.5-win32-x86_64\bin\msvcp140.dll
0x00007ff9e5b30000 - 0x00007ff9e6774000 	c:\Users\Admin\.vscode\extensions\redhat.java-1.13.0-win32-x64\jre\17.0.5-win32-x86_64\bin\server\jvm.dll
0x00007ffa202e0000 - 0x00007ffa20386000 	C:\Windows\system32\ADVAPI32.dll
0x00007ffa20100000 - 0x00007ffa2015b000 	C:\Windows\system32\sechost.dll
0x00007ffa1fd30000 - 0x00007ffa1fe56000 	C:\Windows\system32\RPCRT4.dll
0x00007ffa13200000 - 0x00007ffa13209000 	C:\Windows\SYSTEM32\WSOCK32.dll
0x00007ffa1d580000 - 0x00007ffa1d5a3000 	C:\Windows\SYSTEM32\WINMM.dll
0x00007ffa20390000 - 0x00007ffa203f9000 	C:\Windows\system32\WS2_32.dll
0x00007ffa20400000 - 0x00007ffa20408000 	C:\Windows\system32\NSI.dll
0x00007ffa199b0000 - 0x00007ffa199ba000 	C:\Windows\SYSTEM32\VERSION.dll
0x00007ffa1d550000 - 0x00007ffa1d57c000 	C:\Windows\SYSTEM32\WINMMBASE.dll
0x00007ffa1f590000 - 0x00007ffa1f5d4000 	C:\Windows\system32\cfgmgr32.dll
0x00007ffa1d9b0000 - 0x00007ffa1d9d7000 	C:\Windows\SYSTEM32\DEVOBJ.dll
0x00007ffa1f070000 - 0x00007ffa1f07f000 	C:\Windows\system32\kernel.appcore.dll
0x00007ffa190a0000 - 0x00007ffa190aa000 	c:\Users\Admin\.vscode\extensions\redhat.java-1.13.0-win32-x64\jre\17.0.5-win32-x86_64\bin\jimage.dll
0x00007ffa16d10000 - 0x00007ffa16e9a000 	C:\Windows\SYSTEM32\DBGHELP.DLL
0x00007ffa11d40000 - 0x00007ffa11d65000 	C:\Windows\SYSTEM32\dbgcore.DLL
0x00007ffa173d0000 - 0x00007ffa173de000 	c:\Users\Admin\.vscode\extensions\redhat.java-1.13.0-win32-x64\jre\17.0.5-win32-x86_64\bin\instrument.dll
0x00007ffa0e360000 - 0x00007ffa0e385000 	c:\Users\Admin\.vscode\extensions\redhat.java-1.13.0-win32-x64\jre\17.0.5-win32-x86_64\bin\java.dll
0x00007ffa0aa90000 - 0x00007ffa0aaa8000 	c:\Users\Admin\.vscode\extensions\redhat.java-1.13.0-win32-x64\jre\17.0.5-win32-x86_64\bin\zip.dll

dbghelp: loaded successfully - version: 4.0.5 - missing functions: none
symbol engine: initialized successfully - sym options: 0x614 - pdb path: .;c:\Users\Admin\.vscode\extensions\redhat.java-1.13.0-win32-x64\jre\17.0.5-win32-x86_64\bin;C:\Windows\SYSTEM32;C:\Windows\WinSxS\amd64_microsoft.windows.common-controls_6595b64144ccf1df_6.0.10240.17184_none_f41d7a705752bce6;c:\Users\Admin\.vscode\extensions\redhat.java-1.13.0-win32-x64\jre\17.0.5-win32-x86_64\bin\server

VM Arguments:
jvm_args: --add-modules=ALL-SYSTEM --add-opens=java.base/java.util=ALL-UNNAMED --add-opens=java.base/java.lang=ALL-UNNAMED --add-opens=java.base/sun.nio.fs=ALL-UNNAMED -Declipse.application=org.eclipse.jdt.ls.core.id1 -Dosgi.bundles.defaultStartLevel=4 -Declipse.product=org.eclipse.jdt.ls.core.product -Djava.import.generatesMetadataFilesAtProjectRoot=false -Dfile.encoding=utf8 -XX:+UseParallelGC -XX:GCTimeRatio=4 -XX:AdaptiveSizePolicyWeight=90 -Dsun.zip.disableMemoryMapping=true -Xmx1G -Xms100m -Xlog:disable -javaagent:c:\Users\Admin\.vscode\extensions\redhat.java-1.13.0-win32-x64\lombok\lombok-1.18.24.jar -XX:+HeapDumpOnOutOfMemoryError -XX:HeapDumpPath=c:\Users\Admin\AppData\Roaming\Code\User\workspaceStorage\9e86c11a8adf063483567b4266a609d4\redhat.java 
java_command: c:\Users\Admin\.vscode\extensions\redhat.java-1.13.0-win32-x64\server\plugins\org.eclipse.equinox.launcher_1.6.400.v20210924-0641.jar -configuration c:\Users\Admin\AppData\Roaming\Code\User\globalStorage\redhat.java\1.13.0\config_win -data c:\Users\Admin\AppData\Roaming\Code\User\workspaceStorage\9e86c11a8adf063483567b4266a609d4\redhat.java\jdt_ws
java_class_path (initial): c:\Users\Admin\.vscode\extensions\redhat.java-1.13.0-win32-x64\server\plugins\org.eclipse.equinox.launcher_1.6.400.v20210924-0641.jar
Launcher Type: SUN_STANDARD

[Global flags]
    uintx AdaptiveSizePolicyWeight                 = 90                                        {product} {command line}
     intx CICompilerCount                          = 2                                         {product} {ergonomic}
    uintx GCTimeRatio                              = 4                                         {product} {command line}
     bool HeapDumpOnOutOfMemoryError               = true                                   {manageable} {command line}
    ccstr HeapDumpPath                             = c:\Users\Admin\AppData\Roaming\Code\User\workspaceStorage\9e86c11a8adf063483567b4266a609d4\redhat.java         {manageable} {command line}
   size_t InitialHeapSize                          = 104857600                                 {product} {command line}
   size_t MaxHeapSize                              = 1073741824                                {product} {command line}
   size_t MaxNewSize                               = 357564416                                 {product} {ergonomic}
   size_t MinHeapDeltaBytes                        = 524288                                    {product} {ergonomic}
   size_t MinHeapSize                              = 104857600                                 {product} {command line}
   size_t NewSize                                  = 34603008                                  {product} {ergonomic}
    uintx NonNMethodCodeHeapSize                   = 5826188                                {pd product} {ergonomic}
    uintx NonProfiledCodeHeapSize                  = 122916026                              {pd product} {ergonomic}
   size_t OldSize                                  = 70254592                                  {product} {ergonomic}
    uintx ProfiledCodeHeapSize                     = 122916026                              {pd product} {ergonomic}
    uintx ReservedCodeCacheSize                    = 251658240                              {pd product} {ergonomic}
     bool SegmentedCodeCache                       = true                                      {product} {ergonomic}
   size_t SoftMaxHeapSize                          = 1073741824                             {manageable} {ergonomic}
     bool UseCompressedClassPointers               = true                           {product lp64_product} {ergonomic}
     bool UseCompressedOops                        = true                           {product lp64_product} {ergonomic}
     bool UseLargePagesIndividualAllocation        = false                                  {pd product} {ergonomic}
     bool UseParallelGC                            = true                                      {product} {command line}

Logging:
Log output configuration:
 #0: stdout all=off uptime,level,tags
 #1: stderr all=off uptime,level,tags

Environment Variables:
PATH=C:\Program Files\Common Files\Oracle\Java\javapath;C:\Program Files\Common Files\Siemens\Automation\Simatic OAM\bin;C:\Windows\system32;C:\Windows;C:\Windows\System32\Wbem;C:\Windows\System32\WindowsPowerShell\v1.0\;C:\Program Files (x86)\Microsoft SQL Server\Client SDK\ODBC\110\Tools\Binn\;C:\Program Files (x86)\Microsoft SQL Server\120\Tools\Binn\;C:\Program Files (x86)\Microsoft SQL Server\120\DTS\Binn\;C:\Program Files\dotnet\;C:\Program Files (x86)\dotnet\;C:\Program Files (x86)\CODESYS\APInstaller\;C:\Program Files\Microsoft VS Code\bin
USERNAME=Admin
OS=Windows_NT
PROCESSOR_IDENTIFIER=Intel64 Family 6 Model 165 Stepping 3, GenuineIntel
TMP=C:\Users\Admin\AppData\Local\Temp
TEMP=C:\Users\Admin\AppData\Local\Temp



---------------  S Y S T E M  ---------------

OS:
 Windows 10 , 64 bit Build 10240 (10.0.10240.17113)
OS uptime: 0 days 6:49 hours
VMWare virtualization detected

CPU: total 2 (initial active 2) (2 cores per cpu, 1 threads per core) family 6 model 165 stepping 3 microcode 0xea, cx8, cmov, fxsr, mmx, 3dnowpref, sse, sse2, sse3, ssse3, sse4.1, sse4.2, popcnt, lzcnt, tsc, tscinvbit, avx, avx2, aes, erms, clmul, bmi1, bmi2, adx, fma, vzeroupper, clflush, hv

Memory: 4k page, system-wide physical 4707M (280M free)
TotalPageFile size 12387M (AvailPageFile size 3M)
current process WorkingSet (physical memory assigned to process): 13M, peak: 13M
current process commit charge ("private bytes"): 147M, peak: 147M

vm_info: OpenJDK 64-Bit Server VM (17.0.5+8) for windows-amd64 JRE (17.0.5+8), built on Oct 19 2022 04:48:13 by "temurin" with MS VC++ 16.7 (VS2019)

END.
