#
# A fatal error has been detected by the Java Runtime Environment:
#
#  EXCEPTION_UNCAUGHT_CXX_EXCEPTION (0xe06d7363) at pc=0x00007ffa1f37a1c8, pid=14128, tid=13968
#
# JRE version:  (17.0.5+8) (build )
# Java VM: OpenJDK 64-Bit Server VM (17.0.5+8, mixed mode, tiered, compressed oops, compressed class ptrs, parallel gc, windows-amd64)
# Problematic frame:
# C  [KERNELBASE.dll+0x2a1c8]
#
# No core dump will be written. Minidumps are not enabled by default on client versions of Windows
#
#

---------------  S U M M A R Y ------------

Command Line: --add-modules=ALL-SYSTEM --add-opens=java.base/java.util=ALL-UNNAMED --add-opens=java.base/java.lang=ALL-UNNAMED --add-opens=java.base/sun.nio.fs=ALL-UNNAMED -Declipse.application=org.eclipse.jdt.ls.core.id1 -Dosgi.bundles.defaultStartLevel=4 -Declipse.product=org.eclipse.jdt.ls.core.product -Djava.import.generatesMetadataFilesAtProjectRoot=false -Dfile.encoding=utf8 -XX:+UseParallelGC -XX:GCTimeRatio=4 -XX:AdaptiveSizePolicyWeight=90 -Dsun.zip.disableMemoryMapping=true -Xmx1G -Xms100m -Xlog:disable -javaagent:c:\Users\Admin\.vscode\extensions\redhat.java-1.13.0-win32-x64\lombok\lombok-1.18.24.jar -XX:+HeapDumpOnOutOfMemoryError -XX:HeapDumpPath=c:\Users\Admin\AppData\Roaming\Code\User\workspaceStorage\9e86c11a8adf063483567b4266a609d4\redhat.java c:\Users\Admin\.vscode\extensions\redhat.java-1.13.0-win32-x64\server\plugins\org.eclipse.equinox.launcher_1.6.400.v20210924-0641.jar -configuration c:\Users\Admin\AppData\Roaming\Code\User\globalStorage\redhat.java\1.13.0\config_win -data c:\Users\Admin\AppData\Roaming\Code\User\workspaceStorage\9e86c11a8adf063483567b4266a609d4\redhat.java\jdt_ws

Host: Intel(R) Core(TM) i5-10400 CPU @ 2.90GHz, 2 cores, 4G,  Windows 10 , 64 bit Build 10240 (10.0.10240.17113)
Time: Thu Dec 22 14:06:20 2022 Западная Азия (зима) elapsed time: 0.035616 seconds (0d 0h 0m 0s)

---------------  T H R E A D  ---------------

Current thread (0x0000009cfb0582f0):  JavaThread "Unknown thread" [_thread_in_vm, id=13968, stack(0x0000009cf8fd0000,0x0000009cf90d0000)]

Stack: [0x0000009cf8fd0000,0x0000009cf90d0000],  sp=0x0000009cf90cea60,  free space=1018k
Native frames: (J=compiled Java code, j=interpreted, Vv=VM code, C=native code)
C  [KERNELBASE.dll+0x2a1c8]
C  [VCRUNTIME140.dll+0x6220]
C  [jimage.dll+0x32a7]
C  [jimage.dll+0x2a15]
C  [jimage.dll+0x145b]
C  [jimage.dll+0x1e97]
C  [jimage.dll+0x1f2e]
C  [jimage.dll+0x2666]
V  [jvm.dll+0x1f191d]
V  [jvm.dll+0x1f0542]
V  [jvm.dll+0x7ab9db]
V  [jvm.dll+0x7acd82]
V  [jvm.dll+0x7ad0b8]
V  [jvm.dll+0x82fbcf]
V  [jvm.dll+0x82f95a]
V  [jvm.dll+0x801894]
V  [jvm.dll+0x80304d]
V  [jvm.dll+0x368be1]
V  [jvm.dll+0x7e265c]
V  [jvm.dll+0x3eb17f]
V  [jvm.dll+0x3eccc1]
C  [jli.dll+0x5267]
C  [ucrtbase.dll+0x6829d]
C  [KERNEL32.DLL+0x12d92]
C  [ntdll.dll+0x9f64]


siginfo: EXCEPTION_UNCAUGHT_CXX_EXCEPTION (0xe06d7363), ExceptionInformation=0x0000000019930520 0x0000009cf90cebc0 0x00007ffa190a5138 0x00007ffa190a0000 


Registers:
RAX=0x00007ffa1a9cda39, RBX=0x00007ffa190a5138, RCX=0x000000000000000a, RDX=0x00007ffa1a9cda39
RSP=0x0000009cf90cea60, RBP=0x0000009cf90cecf0, RSI=0x0000009cf90cebc0, RDI=0x0000000019930520
R8 =0x00007ff9e61994bc, R9 =0x000000000000000d, R10=0x000000000000000c, R11=0x0000000000008000
R12=0x000000000000ad72, R13=0x0000009cfb0587d0, R14=0x0000009c8f0b4010, R15=0x0000009c8f0b4010
RIP=0x00007ffa1f37a1c8, EFLAGS=0x0000000000000206

Top of Stack: (sp=0x0000009cf90cea60)
0x0000009cf90cea60:   0000009c00000035 00007ffa190a5138
0x0000009cf90cea70:   0000009cf90cebc0 0000000019930520
0x0000009cf90cea80:   00000001e06d7363 0000000000000000
0x0000009cf90cea90:   00007ffa1f37a1c8 0000000000000004
0x0000009cf90ceaa0:   0000000019930520 0000009cf90cebc0
0x0000009cf90ceab0:   00007ffa190a5138 00007ffa190a0000
0x0000009cf90ceac0:   000000000000ad72 0000000019930520
0x0000009cf90cead0:   0000009cf90cebc0 0000009cf90ceb60
0x0000009cf90ceae0:   0000009cf90cecf0 00007ffa226285af
0x0000009cf90ceaf0:   0000009cfb0587d0 0000009c00000000
0x0000009cf90ceb00:   0000000000000000 000000000000ad80
0x0000009cf90ceb10:   00007ffa190a7000 00007ffa190a0000
0x0000009cf90ceb20:   0000f3dd5b1dd279 000000000000ad72
0x0000009cf90ceb30:   00007ffa190a5138 00007ffa190b6220
0x0000009cf90ceb40:   0000009cfb600a7e 0000009cf90cecf0
0x0000009cf90ceb50:   000000000000ad72 00007ffa1a959594 

Instructions: (pc=0x00007ffa1f37a1c8)
0x00007ffa1f37a0c8:   18 49 21 11 33 c0 48 8b 5c 24 40 48 8b 6c 24 50
0x00007ffa1f37a0d8:   48 83 c4 20 41 5e 5f 5e c3 33 ff 33 ed 4d 85 c0
0x00007ffa1f37a0e8:   74 6a 48 8d 4c 24 48 e8 ac 69 ff ff 85 c0 78 d6
0x00007ffa1f37a0f8:   48 8b 44 24 48 0f ba ef 07 48 83 63 28 00 89 7b
0x00007ffa1f37a108:   18 48 8b 3d 80 eb 18 00 c7 03 30 00 00 00 48 89
0x00007ffa1f37a118:   43 08 48 89 73 10 48 89 6b 20 48 85 ff 74 18 48
0x00007ffa1f37a128:   8d 05 52 68 ff ff 48 3b f8 0f 85 59 b4 05 00 48
0x00007ffa1f37a138:   8b cb e8 41 68 ff ff 49 89 1e eb 88 8b 42 10 48
0x00007ffa1f37a148:   8b 6a 08 f7 d8 1b ff 83 e7 02 eb 91 33 c0 eb a9
0x00007ffa1f37a158:   cc cc cc cc cc cc cc cc 48 81 ec d8 00 00 00 48
0x00007ffa1f37a168:   8b 05 92 ae 18 00 48 33 c4 48 89 84 24 c0 00 00
0x00007ffa1f37a178:   00 48 83 64 24 28 00 48 8d 05 da ff ff ff 83 e2
0x00007ffa1f37a188:   01 89 4c 24 20 89 54 24 24 48 89 44 24 30 4d 85
0x00007ffa1f37a198:   c9 74 45 b8 0f 00 00 00 48 8d 4c 24 40 44 3b c0
0x00007ffa1f37a1a8:   49 8b d1 44 0f 47 c0 44 89 44 24 38 49 c1 e0 03
0x00007ffa1f37a1b8:   e8 af eb 04 00 48 8d 4c 24 20 ff 15 18 05 0a 00
0x00007ffa1f37a1c8:   48 8b 8c 24 c0 00 00 00 48 33 cc e8 88 b4 04 00
0x00007ffa1f37a1d8:   48 81 c4 d8 00 00 00 c3 83 64 24 38 00 eb d6 cc
0x00007ffa1f37a1e8:   cc cc cc cc cc cc cc cc 48 8b c4 48 89 58 08 48
0x00007ffa1f37a1f8:   89 70 18 48 89 78 20 48 89 50 10 55 41 54 41 55
0x00007ffa1f37a208:   41 56 41 57 48 8d 68 d1 48 81 ec e0 00 00 00 45
0x00007ffa1f37a218:   33 ff 4c 8b e1 4c 89 7d 87 48 8d 4d 8f 65 48 8b
0x00007ffa1f37a228:   34 25 60 00 00 00 33 d2 49 8b d9 49 8b f8 45 8a
0x00007ffa1f37a238:   ef 45 8b f7 ff 15 7e fe 09 00 48 8b d3 48 8d 4d
0x00007ffa1f37a248:   ef ff 15 31 fe 09 00 8b d8 85 c0 0f 88 8d b3 05
0x00007ffa1f37a258:   00 48 85 ff 74 1b 48 8b d7 48 8d 4d df ff 15 15
0x00007ffa1f37a268:   fe 09 00 8b d8 85 c0 0f 88 71 b3 05 00 4c 8d 7d
0x00007ffa1f37a278:   df 48 8b 55 57 48 8d 4d 8f 33 ff 48 85 d2 0f 85
0x00007ffa1f37a288:   39 03 00 00 ff 15 2e fe 09 00 40 38 7d 5f 75 19
0x00007ffa1f37a298:   48 8d 4d 8f ff 15 36 0f 0a 00 66 83 7d 8f 02 0f
0x00007ffa1f37a2a8:   87 31 03 00 00 66 89 7d 8f 48 8b 7d 6f 48 8d 4d
0x00007ffa1f37a2b8:   bf 48 8b 57 10 48 85 d2 0f 84 fd b2 05 00 ff 15 



---------------  P R O C E S S  ---------------

Threads class SMR info:
_java_thread_list=0x00007ff9e6642f18, length=0, elements={
}

Java Threads: ( => current thread )

Other Threads:
  0x0000009cfb06b6b0 GCTaskThread "GC Thread#0" [stack: 0x0000009cfac20000,0x0000009cfad20000] [id=13928]

=>0x0000009cfb0582f0 (exited) JavaThread "Unknown thread" [_thread_in_vm, id=13968, stack(0x0000009cf8fd0000,0x0000009cf90d0000)]

Threads with active compile tasks:

VM state: not at safepoint (not fully initialized)

VM Mutex/Monitor currently owned by a thread: None

Heap address: 0x00000000c0000000, size: 1024 MB, Compressed Oops mode: 32-bit

CDS archive(s) not mapped
Compressed class space mapped at: 0x0000000100000000-0x0000000140000000, reserved size: 1073741824
Narrow klass base: 0x0000000000000000, Narrow klass shift: 3, Narrow klass range: 0x140000000

GC Precious Log:
 CPUs: 2 total, 2 available
 Memory: 4707M
 Large Page Support: Disabled
 NUMA Support: Disabled
 Compressed Oops: Enabled (32-bit)
 Alignments: Space 512K, Generation 512K, Heap 2M
 Heap Min Capacity: 100M
 Heap Initial Capacity: 100M
 Heap Max Capacity: 1G
 Pre-touch: Disabled
 Parallel Workers: 2

Heap:
 PSYoungGen      total 29696K, used 512K [0x00000000eab00000, 0x00000000ecc00000, 0x0000000100000000)
  eden space 25600K, 2% used [0x00000000eab00000,0x00000000eab80070,0x00000000ec400000)
  from space 4096K, 0% used [0x00000000ec800000,0x00000000ec800000,0x00000000ecc00000)
  to   space 4096K, 0% used [0x00000000ec400000,0x00000000ec400000,0x00000000ec800000)
 ParOldGen       total 68608K, used 0K [0x00000000c0000000, 0x00000000c4300000, 0x00000000eab00000)
  object space 68608K, 0% used [0x00000000c0000000,0x00000000c0000000,0x00000000c4300000)
 Metaspace       used 857K, committed 960K, reserved 1056768K
  class space    used 71K, committed 128K, reserved 1048576K

Card table byte_map: [0x0000009cfaa10000,0x0000009cfac20000] _byte_map_base: 0x0000009cfa410000

Marking Bits: (ParMarkBitMap*) 0x00007ff9e66b0dd0
 Begin Bits: [0x0000009cfdcf0000, 0x0000009cfecf0000)
 End Bits:   [0x0000009cfecf0000, 0x0000009cffcf0000)

GC Heap History (0 events):
No events

Dll operation events (1 events):
Event: 0.004 Loaded shared library c:\Users\Admin\.vscode\extensions\redhat.java-1.13.0-win32-x64\jre\17.0.5-win32-x86_64\bin\java.dll

Deoptimization events (0 events):
No events

Classes unloaded (0 events):
No events

Classes redefined (0 events):
No events

Internal exceptions (0 events):
No events

VM Operations (0 events):
No events

Events (20 events):
Event: 0.015 loading class java/lang/AutoCloseable
Event: 0.015 loading class java/lang/AutoCloseable done
Event: 0.015 loading class java/io/Closeable done
Event: 0.015 loading class java/io/InputStream done
Event: 0.015 loading class java/io/ByteArrayInputStream done
Event: 0.015 loading class java/net/URL
Event: 0.015 loading class java/net/URL done
Event: 0.015 loading class java/util/jar/Manifest
Event: 0.015 loading class java/util/jar/Manifest done
Event: 0.015 loading class jdk/internal/loader/BuiltinClassLoader
Event: 0.015 loading class jdk/internal/loader/BuiltinClassLoader done
Event: 0.015 loading class jdk/internal/loader/ClassLoaders
Event: 0.015 loading class jdk/internal/loader/ClassLoaders done
Event: 0.015 loading class jdk/internal/loader/ClassLoaders$AppClassLoader
Event: 0.016 loading class jdk/internal/loader/ClassLoaders$AppClassLoader done
Event: 0.016 loading class jdk/internal/loader/ClassLoaders$PlatformClassLoader
Event: 0.016 loading class jdk/internal/loader/ClassLoaders$PlatformClassLoader done
Event: 0.016 loading class java/security/CodeSource
Event: 0.016 loading class java/security/CodeSource done
Event: 0.016 loading class java/util/concurrent/ConcurrentHashMap


Dynamic libraries:
0x00007ff64d000000 - 0x00007ff64d00e000 	c:\Users\Admin\.vscode\extensions\redhat.java-1.13.0-win32-x64\jre\17.0.5-win32-x86_64\bin\java.exe
0x00007ffa22610000 - 0x00007ffa227d2000 	C:\Windows\SYSTEM32\ntdll.dll
0x00007ffa22250000 - 0x00007ffa222fd000 	C:\Windows\system32\KERNEL32.DLL
0x00007ffa1f350000 - 0x00007ffa1f52d000 	C:\Windows\system32\KERNELBASE.dll
0x00007ffa190d0000 - 0x00007ffa190e7000 	c:\Users\Admin\.vscode\extensions\redhat.java-1.13.0-win32-x64\jre\17.0.5-win32-x86_64\bin\jli.dll
0x00007ffa20640000 - 0x00007ffa2078e000 	C:\Windows\system32\USER32.dll
0x00007ffa223b0000 - 0x00007ffa22534000 	C:\Windows\system32\GDI32.dll
0x00007ffa190b0000 - 0x00007ffa190c9000 	c:\Users\Admin\.vscode\extensions\redhat.java-1.13.0-win32-x64\jre\17.0.5-win32-x86_64\bin\VCRUNTIME140.dll
0x00007ffa1a950000 - 0x00007ffa1aa42000 	C:\Windows\SYSTEM32\ucrtbase.dll
0x00007ffa15c80000 - 0x00007ffa15ef4000 	C:\Windows\WinSxS\amd64_microsoft.windows.common-controls_6595b64144ccf1df_6.0.10240.17184_none_f41d7a705752bce6\COMCTL32.dll
0x00007ffa20240000 - 0x00007ffa202dd000 	C:\Windows\system32\msvcrt.dll
0x00007ffa200c0000 - 0x00007ffa200f6000 	C:\Windows\system32\IMM32.DLL
0x00007ffa1ff60000 - 0x00007ffa200bc000 	C:\Windows\system32\MSCTF.dll
0x00007ffa191a0000 - 0x00007ffa191ac000 	c:\Users\Admin\.vscode\extensions\redhat.java-1.13.0-win32-x64\jre\17.0.5-win32-x86_64\bin\vcruntime140_1.dll
0x00007ffa07010000 - 0x00007ffa070a1000 	c:\Users\Admin\.vscode\extensions\redhat.java-1.13.0-win32-x64\jre\17.0.5-win32-x86_64\bin\msvcp140.dll
0x00007ff9e5b30000 - 0x00007ff9e6774000 	c:\Users\Admin\.vscode\extensions\redhat.java-1.13.0-win32-x64\jre\17.0.5-win32-x86_64\bin\server\jvm.dll
0x00007ffa202e0000 - 0x00007ffa20386000 	C:\Windows\system32\ADVAPI32.dll
0x00007ffa20100000 - 0x00007ffa2015b000 	C:\Windows\system32\sechost.dll
0x00007ffa1fd30000 - 0x00007ffa1fe56000 	C:\Windows\system32\RPCRT4.dll
0x00007ffa13200000 - 0x00007ffa13209000 	C:\Windows\SYSTEM32\WSOCK32.dll
0x00007ffa20390000 - 0x00007ffa203f9000 	C:\Windows\system32\WS2_32.dll
0x00007ffa20400000 - 0x00007ffa20408000 	C:\Windows\system32\NSI.dll
0x00007ffa1d580000 - 0x00007ffa1d5a3000 	C:\Windows\SYSTEM32\WINMM.dll
0x00007ffa199b0000 - 0x00007ffa199ba000 	C:\Windows\SYSTEM32\VERSION.dll
0x00007ffa1d550000 - 0x00007ffa1d57c000 	C:\Windows\SYSTEM32\WINMMBASE.dll
0x00007ffa1f590000 - 0x00007ffa1f5d4000 	C:\Windows\system32\cfgmgr32.dll
0x00007ffa1d9b0000 - 0x00007ffa1d9d7000 	C:\Windows\SYSTEM32\DEVOBJ.dll
0x00007ffa1f070000 - 0x00007ffa1f07f000 	C:\Windows\system32\kernel.appcore.dll
0x00007ffa190a0000 - 0x00007ffa190aa000 	c:\Users\Admin\.vscode\extensions\redhat.java-1.13.0-win32-x64\jre\17.0.5-win32-x86_64\bin\jimage.dll
0x00007ffa16d10000 - 0x00007ffa16e9a000 	C:\Windows\SYSTEM32\DBGHELP.DLL
0x00007ffa11d40000 - 0x00007ffa11d65000 	C:\Windows\SYSTEM32\dbgcore.DLL
0x00007ffa173d0000 - 0x00007ffa173de000 	c:\Users\Admin\.vscode\extensions\redhat.java-1.13.0-win32-x64\jre\17.0.5-win32-x86_64\bin\instrument.dll
0x00007ffa0e360000 - 0x00007ffa0e385000 	c:\Users\Admin\.vscode\extensions\redhat.java-1.13.0-win32-x64\jre\17.0.5-win32-x86_64\bin\java.dll
0x00007ffa0aa90000 - 0x00007ffa0aaa8000 	c:\Users\Admin\.vscode\extensions\redhat.java-1.13.0-win32-x64\jre\17.0.5-win32-x86_64\bin\zip.dll

dbghelp: loaded successfully - version: 4.0.5 - missing functions: none
symbol engine: initialized successfully - sym options: 0x614 - pdb path: .;c:\Users\Admin\.vscode\extensions\redhat.java-1.13.0-win32-x64\jre\17.0.5-win32-x86_64\bin;C:\Windows\SYSTEM32;C:\Windows\WinSxS\amd64_microsoft.windows.common-controls_6595b64144ccf1df_6.0.10240.17184_none_f41d7a705752bce6;c:\Users\Admin\.vscode\extensions\redhat.java-1.13.0-win32-x64\jre\17.0.5-win32-x86_64\bin\server

VM Arguments:
jvm_args: --add-modules=ALL-SYSTEM --add-opens=java.base/java.util=ALL-UNNAMED --add-opens=java.base/java.lang=ALL-UNNAMED --add-opens=java.base/sun.nio.fs=ALL-UNNAMED -Declipse.application=org.eclipse.jdt.ls.core.id1 -Dosgi.bundles.defaultStartLevel=4 -Declipse.product=org.eclipse.jdt.ls.core.product -Djava.import.generatesMetadataFilesAtProjectRoot=false -Dfile.encoding=utf8 -XX:+UseParallelGC -XX:GCTimeRatio=4 -XX:AdaptiveSizePolicyWeight=90 -Dsun.zip.disableMemoryMapping=true -Xmx1G -Xms100m -Xlog:disable -javaagent:c:\Users\Admin\.vscode\extensions\redhat.java-1.13.0-win32-x64\lombok\lombok-1.18.24.jar -XX:+HeapDumpOnOutOfMemoryError -XX:HeapDumpPath=c:\Users\Admin\AppData\Roaming\Code\User\workspaceStorage\9e86c11a8adf063483567b4266a609d4\redhat.java 
java_command: c:\Users\Admin\.vscode\extensions\redhat.java-1.13.0-win32-x64\server\plugins\org.eclipse.equinox.launcher_1.6.400.v20210924-0641.jar -configuration c:\Users\Admin\AppData\Roaming\Code\User\globalStorage\redhat.java\1.13.0\config_win -data c:\Users\Admin\AppData\Roaming\Code\User\workspaceStorage\9e86c11a8adf063483567b4266a609d4\redhat.java\jdt_ws
java_class_path (initial): c:\Users\Admin\.vscode\extensions\redhat.java-1.13.0-win32-x64\server\plugins\org.eclipse.equinox.launcher_1.6.400.v20210924-0641.jar
Launcher Type: SUN_STANDARD

[Global flags]
    uintx AdaptiveSizePolicyWeight                 = 90                                        {product} {command line}
     intx CICompilerCount                          = 2                                         {product} {ergonomic}
    uintx GCTimeRatio                              = 4                                         {product} {command line}
     bool HeapDumpOnOutOfMemoryError               = true                                   {manageable} {command line}
    ccstr HeapDumpPath                             = c:\Users\Admin\AppData\Roaming\Code\User\workspaceStorage\9e86c11a8adf063483567b4266a609d4\redhat.java         {manageable} {command line}
   size_t InitialHeapSize                          = 104857600                                 {product} {command line}
   size_t MaxHeapSize                              = 1073741824                                {product} {command line}
   size_t MaxNewSize                               = 357564416                                 {product} {ergonomic}
   size_t MinHeapDeltaBytes                        = 524288                                    {product} {ergonomic}
   size_t MinHeapSize                              = 104857600                                 {product} {command line}
   size_t NewSize                                  = 34603008                                  {product} {ergonomic}
    uintx NonNMethodCodeHeapSize                   = 5826188                                {pd product} {ergonomic}
    uintx NonProfiledCodeHeapSize                  = 122916026                              {pd product} {ergonomic}
   size_t OldSize                                  = 70254592                                  {product} {ergonomic}
    uintx ProfiledCodeHeapSize                     = 122916026                              {pd product} {ergonomic}
    uintx ReservedCodeCacheSize                    = 251658240                              {pd product} {ergonomic}
     bool SegmentedCodeCache                       = true                                      {product} {ergonomic}
   size_t SoftMaxHeapSize                          = 1073741824                             {manageable} {ergonomic}
     bool UseCompressedClassPointers               = true                           {product lp64_product} {ergonomic}
     bool UseCompressedOops                        = true                           {product lp64_product} {ergonomic}
     bool UseLargePagesIndividualAllocation        = false                                  {pd product} {ergonomic}
     bool UseParallelGC                            = true                                      {product} {command line}

Logging:
Log output configuration:
 #0: stdout all=off uptime,level,tags
 #1: stderr all=off uptime,level,tags

Environment Variables:
PATH=C:\Program Files\Common Files\Oracle\Java\javapath;C:\Program Files\Common Files\Siemens\Automation\Simatic OAM\bin;C:\Windows\system32;C:\Windows;C:\Windows\System32\Wbem;C:\Windows\System32\WindowsPowerShell\v1.0\;C:\Program Files (x86)\Microsoft SQL Server\Client SDK\ODBC\110\Tools\Binn\;C:\Program Files (x86)\Microsoft SQL Server\120\Tools\Binn\;C:\Program Files (x86)\Microsoft SQL Server\120\DTS\Binn\;C:\Program Files\dotnet\;C:\Program Files (x86)\dotnet\;C:\Program Files (x86)\CODESYS\APInstaller\;C:\Program Files\Microsoft VS Code\bin
USERNAME=Admin
OS=Windows_NT
PROCESSOR_IDENTIFIER=Intel64 Family 6 Model 165 Stepping 3, GenuineIntel
TMP=C:\Users\Admin\AppData\Local\Temp
TEMP=C:\Users\Admin\AppData\Local\Temp



---------------  S Y S T E M  ---------------

OS:
 Windows 10 , 64 bit Build 10240 (10.0.10240.17113)
OS uptime: 0 days 6:49 hours
VMWare virtualization detected

CPU: total 2 (initial active 2) (2 cores per cpu, 1 threads per core) family 6 model 165 stepping 3 microcode 0xea, cx8, cmov, fxsr, mmx, 3dnowpref, sse, sse2, sse3, ssse3, sse4.1, sse4.2, popcnt, lzcnt, tsc, tscinvbit, avx, avx2, aes, erms, clmul, bmi1, bmi2, adx, fma, vzeroupper, clflush, hv

Memory: 4k page, system-wide physical 4707M (279M free)
TotalPageFile size 12387M (AvailPageFile size 4M)
current process WorkingSet (physical memory assigned to process): 14M, peak: 14M
current process commit charge ("private bytes"): 147M, peak: 147M

vm_info: OpenJDK 64-Bit Server VM (17.0.5+8) for windows-amd64 JRE (17.0.5+8), built on Oct 19 2022 04:48:13 by "temurin" with MS VC++ 16.7 (VS2019)

END.
